<?xml version="1.0" encoding="UTF-8"?>
<testng-results ignored="0" total="9" passed="8" failed="1" skipped="0">
  <reporter-output>
  </reporter-output>
  <suite started-at="2024-05-30T11:36:29 IST" name="Free CRM Application Test Automation Test Suite" finished-at="2024-05-30T11:39:40 IST" duration-ms="191882">
    <groups>
    </groups>
    <test started-at="2024-05-30T11:36:29 IST" name="Free CRM App Test Cases" finished-at="2024-05-30T11:39:40 IST" duration-ms="191882">
      <class name="com.crm.testcases.HomePageTest">
        <test-method is-config="true" signature="SetUp()[pri:0, instance:com.crm.testcases.HomePageTest@663c9e7a]" started-at="2024-05-30T11:37:27 IST" name="SetUp" finished-at="2024-05-30T11:37:56 IST" duration-ms="29665" status="PASS">
          <reporter-output>
          </reporter-output>
        </test-method> <!-- SetUp -->
        <test-method signature="verifyhomepagetitletest()[pri:1, instance:com.crm.testcases.HomePageTest@663c9e7a]" started-at="2024-05-30T11:37:56 IST" name="verifyhomepagetitletest" finished-at="2024-05-30T11:37:56 IST" duration-ms="6" status="PASS">
          <reporter-output>
          </reporter-output>
        </test-method> <!-- verifyhomepagetitletest -->
        <test-method is-config="true" signature="tearDown()[pri:0, instance:com.crm.testcases.HomePageTest@663c9e7a]" started-at="2024-05-30T11:37:56 IST" name="tearDown" finished-at="2024-05-30T11:37:57 IST" duration-ms="238" status="PASS">
          <reporter-output>
          </reporter-output>
        </test-method> <!-- tearDown -->
        <test-method is-config="true" signature="SetUp()[pri:0, instance:com.crm.testcases.HomePageTest@663c9e7a]" started-at="2024-05-30T11:37:57 IST" name="SetUp" finished-at="2024-05-30T11:38:25 IST" duration-ms="27953" status="PASS">
          <reporter-output>
          </reporter-output>
        </test-method> <!-- SetUp -->
        <test-method signature="verifyusernametest()[pri:2, instance:com.crm.testcases.HomePageTest@663c9e7a]" started-at="2024-05-30T11:38:25 IST" name="verifyusernametest" finished-at="2024-05-30T11:38:25 IST" duration-ms="58" status="PASS">
          <reporter-output>
          </reporter-output>
        </test-method> <!-- verifyusernametest -->
        <test-method is-config="true" signature="tearDown()[pri:0, instance:com.crm.testcases.HomePageTest@663c9e7a]" started-at="2024-05-30T11:38:25 IST" name="tearDown" finished-at="2024-05-30T11:38:25 IST" duration-ms="215" status="PASS">
          <reporter-output>
          </reporter-output>
        </test-method> <!-- tearDown -->
        <test-method is-config="true" signature="SetUp()[pri:0, instance:com.crm.testcases.HomePageTest@663c9e7a]" started-at="2024-05-30T11:38:25 IST" name="SetUp" finished-at="2024-05-30T11:38:47 IST" duration-ms="22431" status="PASS">
          <reporter-output>
          </reporter-output>
        </test-method> <!-- SetUp -->
        <test-method signature="verifycontactslinkTest()[pri:3, instance:com.crm.testcases.HomePageTest@663c9e7a]" started-at="2024-05-30T11:38:47 IST" name="verifycontactslinkTest" finished-at="2024-05-30T11:38:50 IST" duration-ms="2773" status="PASS">
          <reporter-output>
          </reporter-output>
        </test-method> <!-- verifycontactslinkTest -->
        <test-method is-config="true" signature="tearDown()[pri:0, instance:com.crm.testcases.HomePageTest@663c9e7a]" started-at="2024-05-30T11:38:50 IST" name="tearDown" finished-at="2024-05-30T11:38:50 IST" duration-ms="255" status="PASS">
          <reporter-output>
          </reporter-output>
        </test-method> <!-- tearDown -->
      </class> <!-- com.crm.testcases.HomePageTest -->
      <class name="com.crm.testcases.ContactsPageTest">
        <test-method is-config="true" signature="Setup()[pri:0, instance:com.crm.testcases.ContactsPageTest@19e4653c]" started-at="2024-05-30T11:38:50 IST" name="Setup" finished-at="2024-05-30T11:39:15 IST" duration-ms="24792" status="PASS">
          <reporter-output>
          </reporter-output>
        </test-method> <!-- Setup -->
        <test-method signature="contactslabletest()[pri:1, instance:com.crm.testcases.ContactsPageTest@19e4653c]" started-at="2024-05-30T11:39:15 IST" name="contactslabletest" finished-at="2024-05-30T11:39:15 IST" duration-ms="25" status="PASS">
          <reporter-output>
          </reporter-output>
        </test-method> <!-- contactslabletest -->
        <test-method is-config="true" signature="teardown()[pri:0, instance:com.crm.testcases.ContactsPageTest@19e4653c]" started-at="2024-05-30T11:39:15 IST" name="teardown" finished-at="2024-05-30T11:39:15 IST" duration-ms="247" status="PASS">
          <reporter-output>
          </reporter-output>
        </test-method> <!-- teardown -->
        <test-method is-config="true" signature="Setup()[pri:0, instance:com.crm.testcases.ContactsPageTest@19e4653c]" started-at="2024-05-30T11:39:15 IST" name="Setup" finished-at="2024-05-30T11:39:40 IST" duration-ms="24609" status="PASS">
          <reporter-output>
          </reporter-output>
        </test-method> <!-- Setup -->
        <test-method signature="selectcontactsverify()[pri:2, instance:com.crm.testcases.ContactsPageTest@19e4653c]" started-at="2024-05-30T11:39:40 IST" name="selectcontactsverify" finished-at="2024-05-30T11:39:40 IST" duration-ms="151" status="PASS">
          <reporter-output>
          </reporter-output>
        </test-method> <!-- selectcontactsverify -->
        <test-method is-config="true" signature="teardown()[pri:0, instance:com.crm.testcases.ContactsPageTest@19e4653c]" started-at="2024-05-30T11:39:40 IST" name="teardown" finished-at="2024-05-30T11:39:40 IST" duration-ms="275" status="PASS">
          <reporter-output>
          </reporter-output>
        </test-method> <!-- teardown -->
        <test-method signature="newcontactsTest()[pri:3, instance:com.crm.testcases.ContactsPageTest@19e4653c]" started-at="2024-05-30T11:39:40 IST" name="newcontactsTest" finished-at="2024-05-30T11:39:40 IST" duration-ms="0" status="FAIL">
          <exception class="org.testng.TestNGException">
            <message>
              <![CDATA[
Method public void com.crm.testcases.ContactsPageTest.newcontactsTest() requires a @DataProvider named : getTestDataTest]]>
            </message>
            <full-stacktrace>
              <![CDATA[org.testng.TestNGException: 
Method public void com.crm.testcases.ContactsPageTest.newcontactsTest() requires a @DataProvider named : getTestDataTest
at org.testng.internal.Parameters.findDataProvider(Parameters.java:535)
at org.testng.internal.Parameters.handleParameters(Parameters.java:772)
at org.testng.internal.Parameters.handleParameters(Parameters.java:737)
at org.testng.internal.invokers.ParameterHandler.handleParameters(ParameterHandler.java:72)
at org.testng.internal.invokers.ParameterHandler.createParameters(ParameterHandler.java:51)
at org.testng.internal.invokers.TestInvoker$MethodInvocationAgent.invoke(TestInvoker.java:915)
at org.testng.internal.invokers.TestInvoker.invokeTestMethods(TestInvoker.java:201)
at org.testng.internal.invokers.TestMethodWorker.invokeTestMethods(TestMethodWorker.java:148)
at org.testng.internal.invokers.TestMethodWorker.run(TestMethodWorker.java:128)
at java.base/java.util.ArrayList.forEach(ArrayList.java:1511)
at org.testng.TestRunner.privateRun(TestRunner.java:819)
at org.testng.TestRunner.run(TestRunner.java:619)
at org.testng.SuiteRunner.runTest(SuiteRunner.java:443)
at org.testng.SuiteRunner.runSequentially(SuiteRunner.java:437)
at org.testng.SuiteRunner.privateRun(SuiteRunner.java:397)
at org.testng.SuiteRunner.run(SuiteRunner.java:336)
at org.testng.SuiteRunnerWorker.runSuite(SuiteRunnerWorker.java:52)
at org.testng.SuiteRunnerWorker.run(SuiteRunnerWorker.java:95)
at org.testng.TestNG.runSuitesSequentially(TestNG.java:1301)
at org.testng.TestNG.runSuitesLocally(TestNG.java:1228)
at org.testng.TestNG.runSuites(TestNG.java:1134)
at org.testng.TestNG.run(TestNG.java:1101)
at org.testng.remote.AbstractRemoteTestNG.run(AbstractRemoteTestNG.java:115)
at org.testng.remote.RemoteTestNG.initAndRun(RemoteTestNG.java:251)
at org.testng.remote.RemoteTestNG.main(RemoteTestNG.java:77)
]]>
            </full-stacktrace>
          </exception> <!-- org.testng.TestNGException -->
          <reporter-output>
          </reporter-output>
        </test-method> <!-- newcontactsTest -->
      </class> <!-- com.crm.testcases.ContactsPageTest -->
      <class name="com.crm.testcases.LoginPageTest">
        <test-method is-config="true" signature="SetUp()[pri:0, instance:com.crm.testcases.LoginPageTest@1a6d8329]" started-at="2024-05-30T11:36:29 IST" name="SetUp" finished-at="2024-05-30T11:36:44 IST" duration-ms="15356" status="PASS">
          <reporter-output>
          </reporter-output>
        </test-method> <!-- SetUp -->
        <test-method signature="loginPageTitleTest()[pri:1, instance:com.crm.testcases.LoginPageTest@1a6d8329]" started-at="2024-05-30T11:36:44 IST" name="loginPageTitleTest" finished-at="2024-05-30T11:36:44 IST" duration-ms="18" status="PASS">
          <reporter-output>
          </reporter-output>
        </test-method> <!-- loginPageTitleTest -->
        <test-method is-config="true" signature="teardown()[pri:0, instance:com.crm.testcases.LoginPageTest@1a6d8329]" started-at="2024-05-30T11:36:44 IST" name="teardown" finished-at="2024-05-30T11:36:44 IST" duration-ms="302" status="PASS">
          <reporter-output>
          </reporter-output>
        </test-method> <!-- teardown -->
        <test-method is-config="true" signature="SetUp()[pri:0, instance:com.crm.testcases.LoginPageTest@1a6d8329]" started-at="2024-05-30T11:36:44 IST" name="SetUp" finished-at="2024-05-30T11:36:58 IST" duration-ms="13403" status="PASS">
          <reporter-output>
          </reporter-output>
        </test-method> <!-- SetUp -->
        <test-method signature="crmlogoImageTest()[pri:2, instance:com.crm.testcases.LoginPageTest@1a6d8329]" started-at="2024-05-30T11:36:58 IST" name="crmlogoImageTest" finished-at="2024-05-30T11:36:58 IST" duration-ms="67" status="PASS">
          <reporter-output>
          </reporter-output>
        </test-method> <!-- crmlogoImageTest -->
        <test-method is-config="true" signature="teardown()[pri:0, instance:com.crm.testcases.LoginPageTest@1a6d8329]" started-at="2024-05-30T11:36:58 IST" name="teardown" finished-at="2024-05-30T11:36:58 IST" duration-ms="225" status="PASS">
          <reporter-output>
          </reporter-output>
        </test-method> <!-- teardown -->
        <test-method is-config="true" signature="SetUp()[pri:0, instance:com.crm.testcases.LoginPageTest@1a6d8329]" started-at="2024-05-30T11:36:58 IST" name="SetUp" finished-at="2024-05-30T11:37:12 IST" duration-ms="13540" status="PASS">
          <reporter-output>
          </reporter-output>
        </test-method> <!-- SetUp -->
        <test-method signature="loginTest()[pri:3, instance:com.crm.testcases.LoginPageTest@1a6d8329]" started-at="2024-05-30T11:37:12 IST" name="loginTest" finished-at="2024-05-30T11:37:26 IST" duration-ms="14962" status="PASS">
          <reporter-output>
          </reporter-output>
        </test-method> <!-- loginTest -->
        <test-method is-config="true" signature="teardown()[pri:0, instance:com.crm.testcases.LoginPageTest@1a6d8329]" started-at="2024-05-30T11:37:26 IST" name="teardown" finished-at="2024-05-30T11:37:27 IST" duration-ms="230" status="PASS">
          <reporter-output>
          </reporter-output>
        </test-method> <!-- teardown -->
      </class> <!-- com.crm.testcases.LoginPageTest -->
    </test> <!-- Free CRM App Test Cases -->
  </suite> <!-- Free CRM Application Test Automation Test Suite -->
</testng-results>
